<?xml version="1.0" encoding="UTF-8"?>
<!-- Generated by org.testng.reporters.JUnitReportReporter -->
<testsuite skipped="0" hostname="DESKTOP-A8JK525" name="com.practice.WithoutFrameworkTest" tests="1" failures="0" timestamp="08 Apr 2020 06:27:47 GMT" time="16.053" errors="0">
  <testcase name="f" time="16.053" classname="com.practice.WithoutFrameworkTest"/>
</testsuite> <!-- com.practice.WithoutFrameworkTest -->
