<?xml version="1.0" encoding="UTF-8"?>
<!-- Generated by org.testng.reporters.JUnitReportReporter -->
<testsuite skipped="0" hostname="DESKTOP-A8JK525" name="TestNGPractice.Testng1" tests="3" failures="0" timestamp="2020-05-04T19:57:48 IST" time="0.365" errors="0">
  <testcase name="m1" time="0.360" classname="TestNGPractice.Testng1"/>
  <system-out/>
  <testcase name="m2" time="0.005" classname="TestNGPractice.Testng1"/>
  <system-out/>
  <testcase name="m3" time="0.000" classname="TestNGPractice.Testng1"/>
  <system-out/>
</testsuite> <!-- TestNGPractice.Testng1 -->
