<?xml version="1.0" encoding="UTF-8"?>
<!-- Generated by org.testng.reporters.JUnitReportReporter -->
<testsuite skipped="1" hostname="DESKTOP-A8JK525" name="com.qa.testcases.GmailPageTest" tests="2" failures="0" timestamp="17 Apr 2020 07:46:13 GMT" time="50.534" errors="0">
  <testcase name="gmailTitleTest" time="50.534" classname="com.qa.testcases.GmailPageTest"/>
  <testcase name="gmailLoginTest" classname="com.qa.testcases.GmailPageTest">
    <skipped/>
  </testcase> <!-- gmailLoginTest -->
</testsuite> <!-- com.qa.testcases.GmailPageTest -->
