<?xml version="1.0" encoding="UTF-8"?>
<!-- Generated by org.testng.reporters.JUnitReportReporter -->
<testsuite skipped="0" hostname="DESKTOP-A8JK525" name="com.DataDriven.ReadDataFromExcel" tests="3" failures="0" timestamp="2020-04-29T23:56:40 IST" time="57.712" errors="0">
  <testcase name="loginPageTest" time="16.499" classname="com.DataDriven.ReadDataFromExcel"/>
  <system-out/>
  <testcase name="loginPageTest" time="14.861" classname="com.DataDriven.ReadDataFromExcel"/>
  <system-out/>
  <testcase name="loginPageTest" time="26.352" classname="com.DataDriven.ReadDataFromExcel"/>
  <system-out/>
</testsuite> <!-- com.DataDriven.ReadDataFromExcel -->
