<?xml version="1.0" encoding="UTF-8"?>
<!-- Generated by org.testng.reporters.JUnitReportReporter -->
<testsuite skipped="0" hostname="DESKTOP-A8JK525" name="testNG_Log4j_Practice.Testng1" tests="3" failures="0" timestamp="2020-05-04T20:01:46 IST" time="0.330" errors="0">
  <testcase name="m1" time="0.310" classname="testNG_Log4j_Practice.Testng1"/>
  <system-out/>
  <testcase name="m2" time="0.015" classname="testNG_Log4j_Practice.Testng1"/>
  <system-out/>
  <testcase name="m3" time="0.005" classname="testNG_Log4j_Practice.Testng1"/>
  <system-out/>
</testsuite> <!-- testNG_Log4j_Practice.Testng1 -->
