<?xml version="1.0" encoding="UTF-8"?>
<!-- Generated by org.testng.reporters.JUnitReportReporter -->
<testsuite skipped="0" hostname="DESKTOP-A8JK525" name="TestNGPractice.Testng3" tests="2" failures="0" timestamp="2020-04-25T23:04:07 IST" time="0.062" errors="0">
  <testcase name="m10" time="0.016" classname="TestNGPractice.Testng3"/>
  <system-out/>
  <testcase name="m11" time="0.046" classname="TestNGPractice.Testng3"/>
  <system-out/>
</testsuite> <!-- TestNGPractice.Testng3 -->
